Player1 is available!
Connected to Player2!
Player1 Sent: Hello 
Player1 received: Hello  1
Player1 Sent: Hello  1 1
Player1 received: Hello  1 1 2
Player1 Sent: Hello  1 1 2 2
Player1 received: Hello  1 1 2 2 3
Player1 Sent: Hello  1 1 2 2 3 3
Player1 received: Hello  1 1 2 2 3 3 4
Player1 Sent: Hello  1 1 2 2 3 3 4 4
Player1 received: Hello  1 1 2 2 3 3 4 4 5
Player1 Sent: Hello  1 1 2 2 3 3 4 4 5 5
Player1 received: Hello  1 1 2 2 3 3 4 4 5 5 6
Player1 Sent: Hello  1 1 2 2 3 3 4 4 5 5 6 6
Player1 received: Hello  1 1 2 2 3 3 4 4 5 5 6 6 7
Player1 Sent: Hello  1 1 2 2 3 3 4 4 5 5 6 6 7 7
Player1 received: Hello  1 1 2 2 3 3 4 4 5 5 6 6 7 7 8
Player1 Sent: Hello  1 1 2 2 3 3 4 4 5 5 6 6 7 7 8 8
Player1 received: Hello  1 1 2 2 3 3 4 4 5 5 6 6 7 7 8 8 9
Player1 Sent: Hello  1 1 2 2 3 3 4 4 5 5 6 6 7 7 8 8 9 9
Player1 received: Hello  1 1 2 2 3 3 4 4 5 5 6 6 7 7 8 8 9 9 10
Player1 has reached the message limit.
